Using pre-set license
Built from '2020.3/staging' branch; Version is '2020.3.30f1 (1fb1bf06830e) revision 2077119'; Using compiler version '192528614'; Build Type 'Release'
OS: 'Windows 11  (10.0.22000) 64bit Enterprise' Language: 'en' Physical Memory: 12187 MB
BatchMode: 1, IsHumanControllingUs: 0, StartBugReporterOnCrash: 0, Is64bit: 1, IsPro: 0

COMMAND LINE ARGUMENTS:
E:\Unity\2020.3.30f1\Editor\Unity.exe
-adb2
-batchMode
-noUpm
-name
AssetImportWorker0
-projectPath
E:/Unity/project/GameVincenzoGreatWarrior
-logFile
Logs/AssetImportWorker0.log
-srvPort
8602
Successfully changed project path to: E:/Unity/project/GameVincenzoGreatWarrior
E:/Unity/project/GameVincenzoGreatWarrior
Using Asset Import Pipeline V2.
Refreshing native plugins compatible for Editor in 83.93 ms, found 3 plugins.
Preloading 0 native plugins for Editor in 0.00 ms.
Initialize engine version: 2020.3.30f1 (1fb1bf06830e)
[Subsystems] Discovering subsystems at path E:/Unity/2020.3.30f1/Editor/Data/Resources/UnitySubsystems
[Subsystems] Discovering subsystems at path E:/Unity/project/GameVincenzoGreatWarrior/Assets
GfxDevice: creating device client; threaded=0
Direct3D:
    Version:  Direct3D 11.0 [level 11.0]
    Renderer: NVIDIA GeForce 920M (ID=0x1299)
    Vendor:   
    VRAM:     2020 MB
    Driver:   23.21.13.8857
Initialize mono
Mono path[0] = 'E:/Unity/2020.3.30f1/Editor/Data/Managed'
Mono path[1] = 'E:/Unity/2020.3.30f1/Editor/Data/MonoBleedingEdge/lib/mono/unityjit'
Mono config path = 'E:/Unity/2020.3.30f1/Editor/Data/MonoBleedingEdge/etc'
Using monoOptions --debugger-agent=transport=dt_socket,embedding=1,server=y,suspend=n,address=127.0.0.1:56992
Begin MonoManager ReloadAssembly
Registering precompiled unity dll's ...
Register platform support module: E:/Unity/2020.3.30f1/Editor/Data/PlaybackEngines/WebGLSupport/UnityEditor.WebGL.Extensions.dll
Register platform support module: E:/Unity/2020.3.30f1/Editor/Data/PlaybackEngines/WindowsStandaloneSupport/UnityEditor.WindowsStandalone.Extensions.dll
Registered in 0.001880 seconds.
Native extension for WindowsStandalone target not found
Native extension for WebGL target not found
Refreshing native plugins compatible for Editor in 79.26 ms, found 3 plugins.
Preloading 0 native plugins for Editor in 0.00 ms.
Mono: successfully reloaded assembly
- Completed reload, in  0.927 seconds
Domain Reload Profiling:
	ReloadAssembly (927ms)
		BeginReloadAssembly (88ms)
			ExecutionOrderSort (0ms)
			DisableScriptedObjects (0ms)
			BackupInstance (0ms)
			ReleaseScriptingObjects (0ms)
			CreateAndSetChildDomain (1ms)
		EndReloadAssembly (733ms)
			LoadAssemblies (87ms)
			RebuildTransferFunctionScriptingTraits (0ms)
			SetupTypeCache (250ms)
			ReleaseScriptCaches (0ms)
			RebuildScriptCaches (47ms)
			SetupLoadedEditorAssemblies (274ms)
				LogAssemblyErrors (0ms)
				InitializePlatformSupportModulesInManaged (6ms)
				SetLoadedEditorAssemblies (0ms)
				RefreshPlugins (79ms)
				BeforeProcessingInitializeOnLoad (21ms)
				ProcessInitializeOnLoadAttributes (126ms)
				ProcessInitializeOnLoadMethodAttributes (42ms)
				AfterProcessingInitializeOnLoad (0ms)
				EditorAssembliesLoaded (0ms)
			ExecutionOrderSort2 (0ms)
			AwakeInstancesAfterBackupRestoration (0ms)
Platform modules already initialized, skipping
Registering precompiled user dll's ...
Registered in 0.003300 seconds.
Begin MonoManager ReloadAssembly
Native extension for WindowsStandalone target not found
Native extension for WebGL target not found
Refreshing native plugins compatible for Editor in 91.21 ms, found 3 plugins.
Preloading 0 native plugins for Editor in 0.00 ms.
Mono: successfully reloaded assembly
- Completed reload, in  1.808 seconds
Domain Reload Profiling:
	ReloadAssembly (1809ms)
		BeginReloadAssembly (220ms)
			ExecutionOrderSort (0ms)
			DisableScriptedObjects (7ms)
			BackupInstance (0ms)
			ReleaseScriptingObjects (0ms)
			CreateAndSetChildDomain (28ms)
		EndReloadAssembly (1504ms)
			LoadAssemblies (140ms)
			RebuildTransferFunctionScriptingTraits (0ms)
			SetupTypeCache (472ms)
			ReleaseScriptCaches (1ms)
			RebuildScriptCaches (80ms)
			SetupLoadedEditorAssemblies (594ms)
				LogAssemblyErrors (0ms)
				InitializePlatformSupportModulesInManaged (6ms)
				SetLoadedEditorAssemblies (0ms)
				RefreshPlugins (91ms)
				BeforeProcessingInitializeOnLoad (125ms)
				ProcessInitializeOnLoadAttributes (341ms)
				ProcessInitializeOnLoadMethodAttributes (28ms)
				AfterProcessingInitializeOnLoad (3ms)
				EditorAssembliesLoaded (0ms)
			ExecutionOrderSort2 (0ms)
			AwakeInstancesAfterBackupRestoration (11ms)
Platform modules already initialized, skipping
========================================================================
Worker process is ready to serve import requests
Launched and connected shader compiler UnityShaderCompiler.exe after 0.10 seconds
Refreshing native plugins compatible for Editor in 1.22 ms, found 3 plugins.
Preloading 0 native plugins for Editor in 0.00 ms.
Unloading 2209 Unused Serialized files (Serialized files now loaded: 0)
System memory in use before: 96.4 MB.
System memory in use after: 96.3 MB.

Unloading 31 unused Assets to reduce memory usage. Loaded Objects now: 2639.
Total: 4.338200 ms (FindLiveObjects: 0.309200 ms CreateObjectMapping: 0.194700 ms MarkObjects: 3.640600 ms  DeleteObjects: 0.192000 ms)

AssetImportParameters requested are different than current active one (requested -> active):
  custom:framework-win-MediaFoundation: 216162199b28c13a410421893ffa2e32 -> 
  custom:video-decoder-ogg-theora: a1e56fd34408186e4bbccfd4996cb3dc -> 
  custom:container-muxer-webm: aa71ff27fc2769a1b78a27578f13a17b -> 
  custom:container-demuxer-webm: 4f35f7cbe854078d1ac9338744f61a02 -> 
  custom:container-demuxer-ogg: 62fdf1f143b41e24485cea50d1cbac27 -> 
  custom:video-encoder-webm-vp8: eb34c28f22e8b96e1ab97ce403110664 -> 
  custom:video-decoder-webm-vp8: 9c59270c3fd7afecdb556c50c9e8de78 -> 
  custom:audio-decoder-ogg-vorbis: bf7c407c2cedff20999df2af8eb42d56 -> 
  custom:audio-encoder-webm-vorbis: bf7c407c2cedff20999df2af8eb42d56 -> 
========================================================================
Received Import Request.
  path: Assets/Scenes/SampleScene.unity
  artifactKey: Guid(2cda990e2423bbf4892e6590ba056729) Importer(815301076,1909f56bfc062723c751e8b465ee728b)
Start importing Assets/Scenes/SampleScene.unity using Guid(2cda990e2423bbf4892e6590ba056729) Importer(815301076,1909f56bfc062723c751e8b465ee728b)  -> (artifact id: '1333ee985c8b405feb81c7cbd2e221fc') in 0.028234 seconds 
========================================================================
Received Import Request.
  Time since last request: 0.000303 seconds.
  path: Assets/Scenes/Play.unity
  artifactKey: Guid(202ff80f66311e643931fabebc268c78) Importer(815301076,1909f56bfc062723c751e8b465ee728b)
Start importing Assets/Scenes/Play.unity using Guid(202ff80f66311e643931fabebc268c78) Importer(815301076,1909f56bfc062723c751e8b465ee728b)  -> (artifact id: 'f6e4658d73c10aba72c895197bf472cc') in 0.019698 seconds 
========================================================================
Received Import Request.
  Time since last request: 2944.993927 seconds.
  path: Assets/Prefabs/SwordMan.prefab
  artifactKey: Guid(013eae983ef1d214aa82b88172be95bc) Importer(815301076,1909f56bfc062723c751e8b465ee728b)
Start importing Assets/Prefabs/SwordMan.prefab using Guid(013eae983ef1d214aa82b88172be95bc) Importer(815301076,1909f56bfc062723c751e8b465ee728b)  -> (artifact id: '4497976894a628549f0a293c70a3cbbb') in 0.175560 seconds 
========================================================================
Received Import Request.
  Time since last request: 5.224835 seconds.
  path: Assets/Packages/Simple 2D Platformer BE2/App Icon.png
  artifactKey: Guid(c0ced59eb0176454886bbc0407e71090) Importer(815301076,1909f56bfc062723c751e8b465ee728b)
Start importing Assets/Packages/Simple 2D Platformer BE2/App Icon.png using Guid(c0ced59eb0176454886bbc0407e71090) Importer(815301076,1909f56bfc062723c751e8b465ee728b)  -> (artifact id: '99aab4d572843d6d8f34532d8e054fa4') in 0.072459 seconds 
========================================================================
Received Import Request.
  Time since last request: 0.000314 seconds.
  path: Assets/Packages/Simple 2D Platformer BE2/Readme.asset
  artifactKey: Guid(53e51aee442d4ef479557f25a7bd3230) Importer(815301076,1909f56bfc062723c751e8b465ee728b)
Start importing Assets/Packages/Simple 2D Platformer BE2/Readme.asset using Guid(53e51aee442d4ef479557f25a7bd3230) Importer(815301076,1909f56bfc062723c751e8b465ee728b)  -> (artifact id: 'b814a4d81eebb6d6ef9520e0ca1fa504') in 0.038360 seconds 
========================================================================
Received Import Request.
  Time since last request: 1.567549 seconds.
  path: Assets/Packages/Simple 2D Platformer BE2/Sprites/Coins.png
  artifactKey: Guid(274d64617113287499ed1c4165d1d8f3) Importer(815301076,1909f56bfc062723c751e8b465ee728b)
Start importing Assets/Packages/Simple 2D Platformer BE2/Sprites/Coins.png using Guid(274d64617113287499ed1c4165d1d8f3) Importer(815301076,1909f56bfc062723c751e8b465ee728b)  -> (artifact id: '2132d059d4d1eed3893c2b4f54f4b652') in 0.081990 seconds 
========================================================================
Received Import Request.
  Time since last request: 0.000320 seconds.
  path: Assets/Packages/Simple 2D Platformer BE2/Sprites/Objects.png
  artifactKey: Guid(f73dfe034c22cfc41bd7e8799020a5ac) Importer(815301076,1909f56bfc062723c751e8b465ee728b)
Start importing Assets/Packages/Simple 2D Platformer BE2/Sprites/Objects.png using Guid(f73dfe034c22cfc41bd7e8799020a5ac) Importer(815301076,1909f56bfc062723c751e8b465ee728b)  -> (artifact id: '73648cdf34f3652683fb26519be27d61') in 0.049144 seconds 
========================================================================
Received Import Request.
  Time since last request: 0.000783 seconds.
  path: Assets/Packages/Simple 2D Platformer BE2/Sprites/Platforms.png
  artifactKey: Guid(e85c6e02fda4a004b84664f435ad4d73) Importer(815301076,1909f56bfc062723c751e8b465ee728b)
Start importing Assets/Packages/Simple 2D Platformer BE2/Sprites/Platforms.png using Guid(e85c6e02fda4a004b84664f435ad4d73) Importer(815301076,1909f56bfc062723c751e8b465ee728b)  -> (artifact id: 'a52b6fa6ea283d96fccc74d780e81e15') in 0.094066 seconds 
========================================================================
Received Import Request.
  Time since last request: 0.000264 seconds.
  path: Assets/Packages/Simple 2D Platformer BE2/Sprites/Enemy.png
  artifactKey: Guid(5d4daff38e3d9174b873918abcf2c1d4) Importer(815301076,1909f56bfc062723c751e8b465ee728b)
Start importing Assets/Packages/Simple 2D Platformer BE2/Sprites/Enemy.png using Guid(5d4daff38e3d9174b873918abcf2c1d4) Importer(815301076,1909f56bfc062723c751e8b465ee728b)  -> (artifact id: '06cc7827525214132a1641a718b9c35f') in 0.073103 seconds 
========================================================================
Received Import Request.
  Time since last request: 0.000254 seconds.
  path: Assets/Packages/Simple 2D Platformer BE2/Sprites/Player.png
  artifactKey: Guid(10f3cacccb0c4c547be76836eba20664) Importer(815301076,1909f56bfc062723c751e8b465ee728b)
Start importing Assets/Packages/Simple 2D Platformer BE2/Sprites/Player.png using Guid(10f3cacccb0c4c547be76836eba20664) Importer(815301076,1909f56bfc062723c751e8b465ee728b)  -> (artifact id: '2f784e1b6f6dc238b0957e0aa4d7e356') in 0.067189 seconds 
========================================================================
Received Import Request.
  Time since last request: 818.050404 seconds.
  path: Assets/Prefabs/SwordMan.prefab
  artifactKey: Guid(013eae983ef1d214aa82b88172be95bc) Importer(815301076,1909f56bfc062723c751e8b465ee728b)
Start importing Assets/Prefabs/SwordMan.prefab using Guid(013eae983ef1d214aa82b88172be95bc) Importer(815301076,1909f56bfc062723c751e8b465ee728b)  -> (artifact id: '0eb0e94891bc2b076cdbc710e8e6e2de') in 0.049834 seconds 
